x26 = Identificador
= = Asignacion
1.5e-8 = Numero
; = FinSentencia
== = OpRelacional
= = Asignacion
&& = OpLogico
& = Caracter
|| = OpLogico
| = Caracter
! = OpLogico
!= = OpRelacional
< = OpRelacional
< = OpRelacional
<> = OpRelacional
> = OpRelacional
> = OpRelacional
>= = OpRelacional
<= = OpRelacional
++ = IncTermino
+ = OpTermino
-- = IncTermino
- = OpTermino
+= = IncTermino
-= = IncTermino
* = OpFactor
/ = OpFactor
*= = IncFactor
/= = IncFactor
% = OpFactor
%= = IncFactor
? = OpTernario
"" = Cadena
"Hola mundo" = Cadena
{ = Caracter
} = Caracter
" = Cadena
